<?xml version="1.0" encoding="UTF-8"?>
<!-- Generated by org.testng.reporters.JUnitReportReporter -->
<testsuite hostname="DESKTOP-6GBI6I2" failures="0" tests="9" name="nexus.neural.NexusTesting" time="66.641" errors="0" timestamp="2025-07-29T11:45:59 IST" skipped="0">
  <testcase classname="nexus.neural.NexusTesting" name="Test5" time="2.716"/>
  <testcase classname="nexus.neural.NexusTesting" name="Test4" time="2.641"/>
  <testcase classname="nexus.neural.NexusTesting" name="Test3" time="3.262"/>
  <testcase classname="nexus.neural.NexusTesting" name="Test6" time="12.728"/>
  <testcase classname="nexus.neural.NexusTesting" name="Test9" time="4.459"/>
  <testcase classname="nexus.neural.NexusTesting" name="Test7" time="14.119"/>
  <testcase classname="nexus.neural.NexusTesting" name="Test1" time="12.934"/>
  <testcase classname="nexus.neural.NexusTesting" name="Test2" time="7.796"/>
  <testcase classname="nexus.neural.NexusTesting" name="Test8" time="5.986"/>
</testsuite> <!-- nexus.neural.NexusTesting -->
